Copyright 1986-2022 Xilinx, Inc. All Rights Reserved. Copyright 2022-2025 Advanced Micro Devices, Inc. All Rights Reserved.
---------------------------------------------------------------------------------------------------------------------------------------------------------
| Tool Version : Vivado v.2025.1 (win64) Build 6140274 Thu May 22 00:12:29 MDT 2025
| Date         : Mon May 11 11:15:07 2026
| Host         : juzi05 running 64-bit major release  (build 9200)
| Command      : report_timing_summary -file D:/HDUCSHomework/Computer_Organization_Course_Design/exp7_instruction_fetch_decode/build/timing_summary.rpt
| Design       : top
| Device       : 7a100t-csg324
| Speed File   : -1  PRODUCTION 1.23 2018-06-13
| Design State : Routed
---------------------------------------------------------------------------------------------------------------------------------------------------------

Timing Summary Report

------------------------------------------------------------------------------------------------
| Timer Settings
| --------------
------------------------------------------------------------------------------------------------

  Enable Multi Corner Analysis               :  Yes
  Enable Pessimism Removal                   :  Yes
  Pessimism Removal Resolution               :  Nearest Common Node
  Enable Input Delay Default Clock           :  No
  Enable Preset / Clear Arcs                 :  No
  Disable Flight Delays                      :  No
  Ignore I/O Paths                           :  No
  Timing Early Launch at Borrowing Latches   :  No
  Borrow Time for Max Delay Exceptions       :  Yes
  Merge Timing Exceptions                    :  Yes
  Inter-SLR Compensation                     :  Conservative

  Corner  Analyze    Analyze    
  Name    Max Paths  Min Paths  
  ------  ---------  ---------  
  Slow    Yes        Yes        
  Fast    Yes        Yes        


------------------------------------------------------------------------------------------------
| Report Methodology
| ------------------
------------------------------------------------------------------------------------------------

Rule       Severity  Description                    Violations  
---------  --------  -----------------------------  ----------  
TIMING-18  Warning   Missing input or output delay  95          

Note: This report is based on the most recent report_methodology run and may not be up-to-date. Run report_methodology on the current design for the latest report.



check_timing report

Table of Contents
-----------------
1. checking no_clock (0)
2. checking constant_clock (0)
3. checking pulse_width_clock (0)
4. checking unconstrained_internal_endpoints (0)
5. checking no_input_delay (4)
6. checking no_output_delay (47)
7. checking multiple_clock (0)
8. checking generated_clocks (0)
9. checking loops (0)
10. checking partial_input_delay (0)
11. checking partial_output_delay (0)
12. checking latch_loops (0)

1. checking no_clock (0)
------------------------
 There are 0 register/latch pins with no clock.


2. checking constant_clock (0)
------------------------------
 There are 0 register/latch pins with constant_clock.


3. checking pulse_width_clock (0)
---------------------------------
 There are 0 register/latch pins which need pulse_width check


4. checking unconstrained_internal_endpoints (0)
------------------------------------------------
 There are 0 pins that are not constrained for maximum delay.

 There are 0 pins that are not constrained for maximum delay due to constant clock.


5. checking no_input_delay (4)
------------------------------
 There are 4 input ports with no input delay specified. (HIGH)

 There are 0 input ports with no input delay but user has a false path constraint.


6. checking no_output_delay (47)
--------------------------------
 There are 47 ports with no output delay specified. (HIGH)

 There are 0 ports with no output delay but user has a false path constraint

 There are 0 ports with no output delay but with a timing clock defined on it or propagating through it


7. checking multiple_clock (0)
------------------------------
 There are 0 register/latch pins with multiple clocks.


8. checking generated_clocks (0)
--------------------------------
 There are 0 generated clocks that are not connected to a clock source.


9. checking loops (0)
---------------------
 There are 0 combinational loops in the design.


10. checking partial_input_delay (0)
------------------------------------
 There are 0 input ports with partial input delay specified.


11. checking partial_output_delay (0)
-------------------------------------
 There are 0 ports with partial output delay specified.


12. checking latch_loops (0)
----------------------------
 There are 0 combinational latch loops in the design through latch input



------------------------------------------------------------------------------------------------
| Design Timing Summary
| ---------------------
------------------------------------------------------------------------------------------------

    WNS(ns)      TNS(ns)  TNS Failing Endpoints  TNS Total Endpoints      WHS(ns)      THS(ns)  THS Failing Endpoints  THS Total Endpoints     WPWS(ns)     TPWS(ns)  TPWS Failing Endpoints  TPWS Total Endpoints  
    -------      -------  ---------------------  -------------------      -------      -------  ---------------------  -------------------     --------     --------  ----------------------  --------------------  
      7.068        0.000                      0                  220        0.221        0.000                      0                  220        4.500        0.000                       0                   116  


All user specified timing constraints are met.


------------------------------------------------------------------------------------------------
| Clock Summary
| -------------
------------------------------------------------------------------------------------------------

Clock      Waveform(ns)       Period(ns)      Frequency(MHz)
-----      ------------       ----------      --------------
clk100mhz  {0.000 5.000}      10.000          100.000         


------------------------------------------------------------------------------------------------
| Intra Clock Table
| -----------------
------------------------------------------------------------------------------------------------

Clock             WNS(ns)      TNS(ns)  TNS Failing Endpoints  TNS Total Endpoints      WHS(ns)      THS(ns)  THS Failing Endpoints  THS Total Endpoints     WPWS(ns)     TPWS(ns)  TPWS Failing Endpoints  TPWS Total Endpoints  
-----             -------      -------  ---------------------  -------------------      -------      -------  ---------------------  -------------------     --------     --------  ----------------------  --------------------  
clk100mhz           7.068        0.000                      0                  220        0.221        0.000                      0                  220        4.500        0.000                       0                   116  


------------------------------------------------------------------------------------------------
| Inter Clock Table
| -----------------
------------------------------------------------------------------------------------------------

From Clock    To Clock          WNS(ns)      TNS(ns)  TNS Failing Endpoints  TNS Total Endpoints      WHS(ns)      THS(ns)  THS Failing Endpoints  THS Total Endpoints  
----------    --------          -------      -------  ---------------------  -------------------      -------      -------  ---------------------  -------------------  


------------------------------------------------------------------------------------------------
| Other Path Groups Table
| -----------------------
------------------------------------------------------------------------------------------------

Path Group    From Clock    To Clock          WNS(ns)      TNS(ns)  TNS Failing Endpoints  TNS Total Endpoints      WHS(ns)      THS(ns)  THS Failing Endpoints  THS Total Endpoints  
----------    ----------    --------          -------      -------  ---------------------  -------------------      -------      -------  ---------------------  -------------------  


------------------------------------------------------------------------------------------------
| Timing Details
| --------------
------------------------------------------------------------------------------------------------


---------------------------------------------------------------------------------------------------
From Clock:  clk100mhz
  To Clock:  clk100mhz

Setup :            0  Failing Endpoints,  Worst Slack        7.068ns,  Total Violation        0.000ns
Hold  :            0  Failing Endpoints,  Worst Slack        0.221ns,  Total Violation        0.000ns
PW    :            0  Failing Endpoints,  Worst Slack        4.500ns,  Total Violation        0.000ns
---------------------------------------------------------------------------------------------------


Max Delay Paths
--------------------------------------------------------------------------------------
Slack (MET) :             7.068ns  (required time - arrival time)
  Source:                 bt0_d_reg/C
                            (rising edge-triggered cell FDRE clocked by clk100mhz  {rise@0.000ns fall@5.000ns period=10.000ns})
  Destination:            u_if_stage/u_ir_reg/IR_reg[31]_lopt_replica/CE
                            (rising edge-triggered cell FDCE clocked by clk100mhz  {rise@0.000ns fall@5.000ns period=10.000ns})
  Path Group:             clk100mhz
  Path Type:              Setup (Max at Slow Process Corner)
  Requirement:            10.000ns  (clk100mhz rise@10.000ns - clk100mhz rise@0.000ns)
  Data Path Delay:        2.736ns  (logic 0.642ns (23.466%)  route 2.094ns (76.534%))
  Logic Levels:           1  (LUT3=1)
  Clock Path Skew:        0.044ns (DCD - SCD + CPR)
    Destination Clock Delay (DCD):    5.018ns = ( 15.018 - 10.000 ) 
    Source Clock Delay      (SCD):    5.233ns
    Clock Pessimism Removal (CPR):    0.259ns
  Clock Uncertainty:      0.035ns  ((TSJ^2 + TIJ^2)^1/2 + DJ) / 2 + PE
    Total System Jitter     (TSJ):    0.071ns
    Total Input Jitter      (TIJ):    0.000ns
    Discrete Jitter          (DJ):    0.000ns
    Phase Error              (PE):    0.000ns

    Location             Delay type                Incr(ns)  Path(ns)    Netlist Resource(s)
  -------------------------------------------------------------------    -------------------
                         (clock clk100mhz rise edge)
                                                      0.000     0.000 r  
    E3                                                0.000     0.000 r  clk100mhz (IN)
                         net (fo=0)                   0.000     0.000    clk100mhz
    E3                   IBUF (Prop_ibuf_I_O)         1.482     1.482 r  clk100mhz_IBUF_inst/O
                         net (fo=1, routed)           2.025     3.506    clk100mhz_IBUF
    BUFGCTRL_X0Y16       BUFG (Prop_bufg_I_O)         0.096     3.602 r  clk100mhz_IBUF_BUFG_inst/O
                         net (fo=115, routed)         1.630     5.233    clk100mhz_IBUF_BUFG
    SLICE_X62Y89         FDRE                                         r  bt0_d_reg/C
  -------------------------------------------------------------------    -------------------
    SLICE_X62Y89         FDRE (Prop_fdre_C_Q)         0.518     5.751 f  bt0_d_reg/Q
                         net (fo=2, routed)           0.521     6.272    u_if_stage/u_ir_reg/bt0_d
    SLICE_X62Y89         LUT3 (Prop_lut3_I0_O)        0.124     6.396 r  u_if_stage/u_ir_reg/IR[31]_i_1/O
                         net (fo=64, routed)          1.573     7.969    u_if_stage/u_ir_reg/ir_write_pulse
    SLICE_X72Y93         FDCE                                         r  u_if_stage/u_ir_reg/IR_reg[31]_lopt_replica/CE
  -------------------------------------------------------------------    -------------------

                         (clock clk100mhz rise edge)
                                                     10.000    10.000 r  
    E3                                                0.000    10.000 r  clk100mhz (IN)
                         net (fo=0)                   0.000    10.000    clk100mhz
    E3                   IBUF (Prop_ibuf_I_O)         1.411    11.411 r  clk100mhz_IBUF_inst/O
                         net (fo=1, routed)           1.920    13.331    clk100mhz_IBUF
    BUFGCTRL_X0Y16       BUFG (Prop_bufg_I_O)         0.091    13.422 r  clk100mhz_IBUF_BUFG_inst/O
                         net (fo=115, routed)         1.595    15.018    u_if_stage/u_ir_reg/clka
    SLICE_X72Y93         FDCE                                         r  u_if_stage/u_ir_reg/IR_reg[31]_lopt_replica/C
                         clock pessimism              0.259    15.277    
                         clock uncertainty           -0.035    15.241    
    SLICE_X72Y93         FDCE (Setup_fdce_C_CE)      -0.205    15.036    u_if_stage/u_ir_reg/IR_reg[31]_lopt_replica
  -------------------------------------------------------------------
                         required time                         15.036    
                         arrival time                          -7.969    
  -------------------------------------------------------------------
                         slack                                  7.068    





Min Delay Paths
--------------------------------------------------------------------------------------
Slack (MET) :             0.221ns  (arrival time - required time)
  Source:                 u_if_stage/u_pc_reg/PC_reg[4]/C
                            (rising edge-triggered cell FDCE clocked by clk100mhz  {rise@0.000ns fall@5.000ns period=10.000ns})
  Destination:            <hidden>
                            (rising edge-triggered cell RAMB18E1 clocked by clk100mhz  {rise@0.000ns fall@5.000ns period=10.000ns})
  Path Group:             clk100mhz
  Path Type:              Hold (Min at Fast Process Corner)
  Requirement:            0.000ns  (clk100mhz rise@0.000ns - clk100mhz rise@0.000ns)
  Data Path Delay:        0.513ns  (logic 0.141ns (27.496%)  route 0.372ns (72.504%))
  Logic Levels:           0  
  Clock Path Skew:        0.108ns (DCD - SCD - CPR)
    Destination Clock Delay (DCD):    2.073ns
    Source Clock Delay      (SCD):    1.485ns
    Clock Pessimism Removal (CPR):    0.479ns

    Location             Delay type                Incr(ns)  Path(ns)    Netlist Resource(s)
  -------------------------------------------------------------------    -------------------
                         (clock clk100mhz rise edge)
                                                      0.000     0.000 r  
    E3                                                0.000     0.000 r  clk100mhz (IN)
                         net (fo=0)                   0.000     0.000    clk100mhz
    E3                   IBUF (Prop_ibuf_I_O)         0.250     0.250 r  clk100mhz_IBUF_inst/O
                         net (fo=1, routed)           0.644     0.894    clk100mhz_IBUF
    BUFGCTRL_X0Y16       BUFG (Prop_bufg_I_O)         0.026     0.920 r  clk100mhz_IBUF_BUFG_inst/O
                         net (fo=115, routed)         0.566     1.485    u_if_stage/u_pc_reg/clka
    SLICE_X68Y89         FDCE                                         r  u_if_stage/u_pc_reg/PC_reg[4]/C
  -------------------------------------------------------------------    -------------------
    SLICE_X68Y89         FDCE (Prop_fdce_C_Q)         0.141     1.626 r  u_if_stage/u_pc_reg/PC_reg[4]/Q
                         net (fo=4, routed)           0.372     1.998    <hidden>
    RAMB18_X2Y36         RAMB18E1                                     r  <hidden>
  -------------------------------------------------------------------    -------------------

                         (clock clk100mhz rise edge)
                                                      0.000     0.000 r  
    E3                                                0.000     0.000 r  clk100mhz (IN)
                         net (fo=0)                   0.000     0.000    clk100mhz
    E3                   IBUF (Prop_ibuf_I_O)         0.438     0.438 r  clk100mhz_IBUF_inst/O
                         net (fo=1, routed)           0.699     1.136    clk100mhz_IBUF
    BUFGCTRL_X0Y16       BUFG (Prop_bufg_I_O)         0.029     1.165 r  clk100mhz_IBUF_BUFG_inst/O
                         net (fo=115, routed)         0.908     2.073    <hidden>
    RAMB18_X2Y36         RAMB18E1                                     r  <hidden>
                         clock pessimism             -0.479     1.594    
    RAMB18_X2Y36         RAMB18E1 (Hold_ramb18e1_CLKBWRCLK_ADDRBWRADDR[7])
                                                      0.183     1.777    <hidden>
  -------------------------------------------------------------------
                         required time                         -1.777    
                         arrival time                           1.998    
  -------------------------------------------------------------------
                         slack                                  0.221    





Pulse Width Checks
--------------------------------------------------------------------------------------
Clock Name:         clk100mhz
Waveform(ns):       { 0.000 5.000 }
Period(ns):         10.000
Sources:            { clk100mhz }

Check Type        Corner  Lib Pin             Reference Pin  Required(ns)  Actual(ns)  Slack(ns)  Location      Pin
Min Period        n/a     RAMB18E1/CLKARDCLK  n/a            2.576         10.000      7.424      RAMB18_X2Y36  <hidden>
Low Pulse Width   Slow    FDRE/C              n/a            0.500         5.000       4.500      SLICE_X62Y89  bt0_d_reg/C
High Pulse Width  Slow    FDRE/C              n/a            0.500         5.000       4.500      SLICE_X62Y89  bt0_d_reg/C



