Copyright 1986-2022 Xilinx, Inc. All Rights Reserved. Copyright 2022-2025 Advanced Micro Devices, Inc. All Rights Reserved.
---------------------------------------------------------------------------------------------------------------------------------------------
| Tool Version : Vivado v.2025.1 (win64) Build 6140274 Thu May 22 00:12:29 MDT 2025
| Date         : Mon May 11 10:10:46 2026
| Host         : juzi05 running 64-bit major release  (build 9200)
| Command      : report_timing_summary -file D:/HDUCSHomework/Computer_Organization_Course_Design/exp4_regfile_alu/build/timing_summary.rpt
| Design       : top
| Device       : 7a100t-csg324
| Speed File   : -1  PRODUCTION 1.23 2018-06-13
| Design State : Routed
---------------------------------------------------------------------------------------------------------------------------------------------

Timing Summary Report

------------------------------------------------------------------------------------------------
| Timer Settings
| --------------
------------------------------------------------------------------------------------------------

  Enable Multi Corner Analysis               :  Yes
  Enable Pessimism Removal                   :  Yes
  Pessimism Removal Resolution               :  Nearest Common Node
  Enable Input Delay Default Clock           :  No
  Enable Preset / Clear Arcs                 :  No
  Disable Flight Delays                      :  No
  Ignore I/O Paths                           :  No
  Timing Early Launch at Borrowing Latches   :  No
  Borrow Time for Max Delay Exceptions       :  Yes
  Merge Timing Exceptions                    :  Yes
  Inter-SLR Compensation                     :  Conservative

  Corner  Analyze    Analyze    
  Name    Max Paths  Min Paths  
  ------  ---------  ---------  
  Slow    Yes        Yes        
  Fast    Yes        Yes        


------------------------------------------------------------------------------------------------
| Report Methodology
| ------------------
------------------------------------------------------------------------------------------------

No report available as report_methodology has not been run prior. Run report_methodology on the current design for the summary of methodology violations.



check_timing report

Table of Contents
-----------------
1. checking no_clock (0)
2. checking constant_clock (0)
3. checking pulse_width_clock (0)
4. checking unconstrained_internal_endpoints (0)
5. checking no_input_delay (43)
6. checking no_output_delay (51)
7. checking multiple_clock (0)
8. checking generated_clocks (0)
9. checking loops (0)
10. checking partial_input_delay (0)
11. checking partial_output_delay (0)
12. checking latch_loops (0)

1. checking no_clock (0)
------------------------
 There are 0 register/latch pins with no clock.


2. checking constant_clock (0)
------------------------------
 There are 0 register/latch pins with constant_clock.


3. checking pulse_width_clock (0)
---------------------------------
 There are 0 register/latch pins which need pulse_width check


4. checking unconstrained_internal_endpoints (0)
------------------------------------------------
 There are 0 pins that are not constrained for maximum delay.

 There are 0 pins that are not constrained for maximum delay due to constant clock.


5. checking no_input_delay (43)
-------------------------------
 There are 43 input ports with no input delay specified. (HIGH)

 There are 0 input ports with no input delay but user has a false path constraint.


6. checking no_output_delay (51)
--------------------------------
 There are 51 ports with no output delay specified. (HIGH)

 There are 0 ports with no output delay but user has a false path constraint

 There are 0 ports with no output delay but with a timing clock defined on it or propagating through it


7. checking multiple_clock (0)
------------------------------
 There are 0 register/latch pins with multiple clocks.


8. checking generated_clocks (0)
--------------------------------
 There are 0 generated clocks that are not connected to a clock source.


9. checking loops (0)
---------------------
 There are 0 combinational loops in the design.


10. checking partial_input_delay (0)
------------------------------------
 There are 0 input ports with partial input delay specified.


11. checking partial_output_delay (0)
-------------------------------------
 There are 0 ports with partial output delay specified.


12. checking latch_loops (0)
----------------------------
 There are 0 combinational latch loops in the design through latch input



------------------------------------------------------------------------------------------------
| Design Timing Summary
| ---------------------
------------------------------------------------------------------------------------------------

    WNS(ns)      TNS(ns)  TNS Failing Endpoints  TNS Total Endpoints      WHS(ns)      THS(ns)  THS Failing Endpoints  THS Total Endpoints     WPWS(ns)     TPWS(ns)  TPWS Failing Endpoints  TPWS Total Endpoints  
    -------      -------  ---------------------  -------------------      -------      -------  ---------------------  -------------------     --------     --------  ----------------------  --------------------  
      0.284        0.000                      0                 2022        0.308        0.000                      0                 2022        4.500        0.000                       0                  1037  


All user specified timing constraints are met.


------------------------------------------------------------------------------------------------
| Clock Summary
| -------------
------------------------------------------------------------------------------------------------

Clock      Waveform(ns)       Period(ns)      Frequency(MHz)
-----      ------------       ----------      --------------
clk100mhz  {0.000 5.000}      10.000          100.000         


------------------------------------------------------------------------------------------------
| Intra Clock Table
| -----------------
------------------------------------------------------------------------------------------------

Clock             WNS(ns)      TNS(ns)  TNS Failing Endpoints  TNS Total Endpoints      WHS(ns)      THS(ns)  THS Failing Endpoints  THS Total Endpoints     WPWS(ns)     TPWS(ns)  TPWS Failing Endpoints  TPWS Total Endpoints  
-----             -------      -------  ---------------------  -------------------      -------      -------  ---------------------  -------------------     --------     --------  ----------------------  --------------------  
clk100mhz           0.284        0.000                      0                 2022        0.308        0.000                      0                 2022        4.500        0.000                       0                  1037  


------------------------------------------------------------------------------------------------
| Inter Clock Table
| -----------------
------------------------------------------------------------------------------------------------

From Clock    To Clock          WNS(ns)      TNS(ns)  TNS Failing Endpoints  TNS Total Endpoints      WHS(ns)      THS(ns)  THS Failing Endpoints  THS Total Endpoints  
----------    --------          -------      -------  ---------------------  -------------------      -------      -------  ---------------------  -------------------  


------------------------------------------------------------------------------------------------
| Other Path Groups Table
| -----------------------
------------------------------------------------------------------------------------------------

Path Group    From Clock    To Clock          WNS(ns)      TNS(ns)  TNS Failing Endpoints  TNS Total Endpoints      WHS(ns)      THS(ns)  THS Failing Endpoints  THS Total Endpoints  
----------    ----------    --------          -------      -------  ---------------------  -------------------      -------      -------  ---------------------  -------------------  


------------------------------------------------------------------------------------------------
| Timing Details
| --------------
------------------------------------------------------------------------------------------------


---------------------------------------------------------------------------------------------------
From Clock:  clk100mhz
  To Clock:  clk100mhz

Setup :            0  Failing Endpoints,  Worst Slack        0.284ns,  Total Violation        0.000ns
Hold  :            0  Failing Endpoints,  Worst Slack        0.308ns,  Total Violation        0.000ns
PW    :            0  Failing Endpoints,  Worst Slack        4.500ns,  Total Violation        0.000ns
---------------------------------------------------------------------------------------------------


Max Delay Paths
--------------------------------------------------------------------------------------
Slack (MET) :             0.284ns  (required time - arrival time)
  Source:                 raddr_b_reg[4]_rep/C
                            (rising edge-triggered cell FDCE clocked by clk100mhz  {rise@0.000ns fall@5.000ns period=10.000ns})
  Destination:            u_alu_reg/u_regfile/regs_reg[30][24]/D
                            (rising edge-triggered cell FDCE clocked by clk100mhz  {rise@0.000ns fall@5.000ns period=10.000ns})
  Path Group:             clk100mhz
  Path Type:              Setup (Max at Slow Process Corner)
  Requirement:            10.000ns  (clk100mhz rise@10.000ns - clk100mhz rise@0.000ns)
  Data Path Delay:        9.417ns  (logic 3.166ns (33.622%)  route 6.251ns (66.378%))
  Logic Levels:           13  (CARRY4=6 LUT2=1 LUT3=1 LUT4=1 LUT6=3 MUXF7=1)
  Clock Path Skew:        -0.017ns (DCD - SCD + CPR)
    Destination Clock Delay (DCD):    5.026ns = ( 15.026 - 10.000 ) 
    Source Clock Delay      (SCD):    5.319ns
    Clock Pessimism Removal (CPR):    0.276ns
  Clock Uncertainty:      0.035ns  ((TSJ^2 + TIJ^2)^1/2 + DJ) / 2 + PE
    Total System Jitter     (TSJ):    0.071ns
    Total Input Jitter      (TIJ):    0.000ns
    Discrete Jitter          (DJ):    0.000ns
    Phase Error              (PE):    0.000ns

    Location             Delay type                Incr(ns)  Path(ns)    Netlist Resource(s)
  -------------------------------------------------------------------    -------------------
                         (clock clk100mhz rise edge)
                                                      0.000     0.000 r  
    E3                                                0.000     0.000 r  clk100mhz (IN)
                         net (fo=0)                   0.000     0.000    clk100mhz
    E3                   IBUF (Prop_ibuf_I_O)         1.482     1.482 r  clk100mhz_IBUF_inst/O
                         net (fo=1, routed)           2.025     3.506    clk100mhz_IBUF
    BUFGCTRL_X0Y16       BUFG (Prop_bufg_I_O)         0.096     3.602 r  clk100mhz_IBUF_BUFG_inst/O
                         net (fo=1036, routed)        1.716     5.319    clk100mhz_IBUF_BUFG
    SLICE_X4Y83          FDCE                                         r  raddr_b_reg[4]_rep/C
  -------------------------------------------------------------------    -------------------
    SLICE_X4Y83          FDCE (Prop_fdce_C_Q)         0.419     5.738 r  raddr_b_reg[4]_rep/Q
                         net (fo=128, routed)         1.297     7.035    u_alu_reg/u_regfile/ld_OBUF[0]_inst_i_9_1
    SLICE_X5Y76          LUT6 (Prop_lut6_I4_O)        0.297     7.332 r  u_alu_reg/u_regfile/ld_OBUF[4]_inst_i_11/O
                         net (fo=1, routed)           0.000     7.332    u_alu_reg/u_regfile/ld_OBUF[4]_inst_i_11_n_0
    SLICE_X5Y76          MUXF7 (Prop_muxf7_I1_O)      0.245     7.577 r  u_alu_reg/u_regfile/ld_OBUF[4]_inst_i_6/O
                         net (fo=1, routed)           0.818     8.395    u_alu_reg/u_regfile/ld_OBUF[4]_inst_i_6_n_0
    SLICE_X6Y77          LUT6 (Prop_lut6_I0_O)        0.298     8.693 r  u_alu_reg/u_regfile/ld_OBUF[4]_inst_i_3/O
                         net (fo=7, routed)           1.113     9.806    u_alu_reg/u_regfile/rdata_b[4]
    SLICE_X9Y81          LUT2 (Prop_lut2_I0_O)        0.124     9.930 r  u_alu_reg/u_regfile/i__carry__0_i_8/O
                         net (fo=1, routed)           0.000     9.930    u_alu_reg/u_alu/ld_OBUF[4]_inst_i_4[0]
    SLICE_X9Y81          CARRY4 (Prop_carry4_S[0]_CO[3])
                                                      0.532    10.462 r  u_alu_reg/u_alu/f0_inferred__0/i__carry__0/CO[3]
                         net (fo=1, routed)           0.000    10.462    u_alu_reg/u_alu/f0_inferred__0/i__carry__0_n_0
    SLICE_X9Y82          CARRY4 (Prop_carry4_CI_CO[3])
                                                      0.114    10.576 r  u_alu_reg/u_alu/f0_inferred__0/i__carry__1/CO[3]
                         net (fo=1, routed)           0.000    10.576    u_alu_reg/u_alu/f0_inferred__0/i__carry__1_n_0
    SLICE_X9Y83          CARRY4 (Prop_carry4_CI_CO[3])
                                                      0.114    10.690 r  u_alu_reg/u_alu/f0_inferred__0/i__carry__2/CO[3]
                         net (fo=1, routed)           0.000    10.690    u_alu_reg/u_alu/f0_inferred__0/i__carry__2_n_0
    SLICE_X9Y84          CARRY4 (Prop_carry4_CI_CO[3])
                                                      0.114    10.804 r  u_alu_reg/u_alu/f0_inferred__0/i__carry__3/CO[3]
                         net (fo=1, routed)           0.000    10.804    u_alu_reg/u_alu/f0_inferred__0/i__carry__3_n_0
    SLICE_X9Y85          CARRY4 (Prop_carry4_CI_CO[3])
                                                      0.114    10.918 r  u_alu_reg/u_alu/f0_inferred__0/i__carry__4/CO[3]
                         net (fo=1, routed)           0.000    10.918    u_alu_reg/u_alu/f0_inferred__0/i__carry__4_n_0
    SLICE_X9Y86          CARRY4 (Prop_carry4_CI_O[0])
                                                      0.222    11.140 r  u_alu_reg/u_alu/f0_inferred__0/i__carry__5/O[0]
                         net (fo=1, routed)           0.871    12.011    u_alu_reg/u_regfile/data1[24]
    SLICE_X5Y89          LUT6 (Prop_lut6_I3_O)        0.299    12.310 r  u_alu_reg/u_regfile/ld_OBUF[24]_inst_i_4/O
                         net (fo=2, routed)           0.465    12.775    u_alu_reg/u_regfile/ld_OBUF[24]_inst_i_4_n_0
    SLICE_X4Y89          LUT4 (Prop_lut4_I0_O)        0.124    12.899 r  u_alu_reg/u_regfile/regs[1][24]_i_2/O
                         net (fo=2, routed)           0.651    13.550    u_alu_reg/u_regfile/result[24]
    SLICE_X7Y88          LUT3 (Prop_lut3_I0_O)        0.150    13.700 r  u_alu_reg/u_regfile/regs[1][24]_i_1/O
                         net (fo=31, routed)          1.035    14.735    u_alu_reg/u_regfile/write_data[24]
    SLICE_X6Y94          FDCE                                         r  u_alu_reg/u_regfile/regs_reg[30][24]/D
  -------------------------------------------------------------------    -------------------

                         (clock clk100mhz rise edge)
                                                     10.000    10.000 r  
    E3                                                0.000    10.000 r  clk100mhz (IN)
                         net (fo=0)                   0.000    10.000    clk100mhz
    E3                   IBUF (Prop_ibuf_I_O)         1.411    11.411 r  clk100mhz_IBUF_inst/O
                         net (fo=1, routed)           1.920    13.331    clk100mhz_IBUF
    BUFGCTRL_X0Y16       BUFG (Prop_bufg_I_O)         0.091    13.422 r  clk100mhz_IBUF_BUFG_inst/O
                         net (fo=1036, routed)        1.603    15.026    u_alu_reg/u_regfile/CLK
    SLICE_X6Y94          FDCE                                         r  u_alu_reg/u_regfile/regs_reg[30][24]/C
                         clock pessimism              0.276    15.302    
                         clock uncertainty           -0.035    15.266    
    SLICE_X6Y94          FDCE (Setup_fdce_C_D)       -0.247    15.019    u_alu_reg/u_regfile/regs_reg[30][24]
  -------------------------------------------------------------------
                         required time                         15.019    
                         arrival time                         -14.735    
  -------------------------------------------------------------------
                         slack                                  0.284    





Min Delay Paths
--------------------------------------------------------------------------------------
Slack (MET) :             0.308ns  (arrival time - required time)
  Source:                 u_display/scan_div_reg[0]/C
                            (rising edge-triggered cell FDRE clocked by clk100mhz  {rise@0.000ns fall@5.000ns period=10.000ns})
  Destination:            u_display/scan_div_reg[0]/D
                            (rising edge-triggered cell FDRE clocked by clk100mhz  {rise@0.000ns fall@5.000ns period=10.000ns})
  Path Group:             clk100mhz
  Path Type:              Hold (Min at Fast Process Corner)
  Requirement:            0.000ns  (clk100mhz rise@0.000ns - clk100mhz rise@0.000ns)
  Data Path Delay:        0.442ns  (logic 0.279ns (63.107%)  route 0.163ns (36.893%))
  Logic Levels:           2  (CARRY4=1 LUT1=1)
  Clock Path Skew:        0.000ns (DCD - SCD - CPR)
    Destination Clock Delay (DCD):    2.005ns
    Source Clock Delay      (SCD):    1.488ns
    Clock Pessimism Removal (CPR):    0.516ns

    Location             Delay type                Incr(ns)  Path(ns)    Netlist Resource(s)
  -------------------------------------------------------------------    -------------------
                         (clock clk100mhz rise edge)
                                                      0.000     0.000 r  
    E3                                                0.000     0.000 r  clk100mhz (IN)
                         net (fo=0)                   0.000     0.000    clk100mhz
    E3                   IBUF (Prop_ibuf_I_O)         0.250     0.250 r  clk100mhz_IBUF_inst/O
                         net (fo=1, routed)           0.644     0.894    clk100mhz_IBUF
    BUFGCTRL_X0Y16       BUFG (Prop_bufg_I_O)         0.026     0.920 r  clk100mhz_IBUF_BUFG_inst/O
                         net (fo=1036, routed)        0.569     1.488    u_display/CLK
    SLICE_X14Y104        FDRE                                         r  u_display/scan_div_reg[0]/C
  -------------------------------------------------------------------    -------------------
    SLICE_X14Y104        FDRE (Prop_fdre_C_Q)         0.164     1.652 f  u_display/scan_div_reg[0]/Q
                         net (fo=1, routed)           0.163     1.816    u_display/scan_div_reg_n_0_[0]
    SLICE_X14Y104        LUT1 (Prop_lut1_I0_O)        0.045     1.861 r  u_display/scan_div[0]_i_2/O
                         net (fo=1, routed)           0.000     1.861    u_display/scan_div[0]_i_2_n_0
    SLICE_X14Y104        CARRY4 (Prop_carry4_S[0]_O[0])
                                                      0.070     1.931 r  u_display/scan_div_reg[0]_i_1/O[0]
                         net (fo=1, routed)           0.000     1.931    u_display/scan_div_reg[0]_i_1_n_7
    SLICE_X14Y104        FDRE                                         r  u_display/scan_div_reg[0]/D
  -------------------------------------------------------------------    -------------------

                         (clock clk100mhz rise edge)
                                                      0.000     0.000 r  
    E3                                                0.000     0.000 r  clk100mhz (IN)
                         net (fo=0)                   0.000     0.000    clk100mhz
    E3                   IBUF (Prop_ibuf_I_O)         0.438     0.438 r  clk100mhz_IBUF_inst/O
                         net (fo=1, routed)           0.699     1.136    clk100mhz_IBUF
    BUFGCTRL_X0Y16       BUFG (Prop_bufg_I_O)         0.029     1.165 r  clk100mhz_IBUF_BUFG_inst/O
                         net (fo=1036, routed)        0.840     2.005    u_display/CLK
    SLICE_X14Y104        FDRE                                         r  u_display/scan_div_reg[0]/C
                         clock pessimism             -0.516     1.488    
    SLICE_X14Y104        FDRE (Hold_fdre_C_D)         0.134     1.622    u_display/scan_div_reg[0]
  -------------------------------------------------------------------
                         required time                         -1.622    
                         arrival time                           1.931    
  -------------------------------------------------------------------
                         slack                                  0.308    





Pulse Width Checks
--------------------------------------------------------------------------------------
Clock Name:         clk100mhz
Waveform(ns):       { 0.000 5.000 }
Period(ns):         10.000
Sources:            { clk100mhz }

Check Type        Corner  Lib Pin  Reference Pin  Required(ns)  Actual(ns)  Slack(ns)  Location        Pin
Min Period        n/a     BUFG/I   n/a            2.155         10.000      7.845      BUFGCTRL_X0Y16  clk100mhz_IBUF_BUFG_inst/I
Low Pulse Width   Slow    FDCE/C   n/a            0.500         5.000       4.500      SLICE_X8Y76     bt_d_reg[0]/C
High Pulse Width  Slow    FDCE/C   n/a            0.500         5.000       4.500      SLICE_X8Y76     bt_d_reg[0]/C



